---------------------------------------------------------------
[ 2020-08-22T08:44:14+08:00 ] 127.0.0.1 GET yalian.com:8099/admin/index/jnotice.html
[运行时间：829.898603s] [吞吐率：0.00req/s] [内存消耗：5,957.68kb] [文件加载：140]
[ info ] [ LANG ] /Applications/MxSrvs/www/yalian-git/osx/osx_admin/thinkphp/lang/zh-cn.php
[ info ] [ ROUTE ] array (
  'type' => 'module',
  'module' => 
  array (
    0 => 'admin',
    1 => 'index',
    2 => 'jnotice',
  ),
)
[ info ] [ HEADER ] array (
  'x-requested-with' => 'XMLHttpRequest',
  'referer' => 'http://yalian.com:8099/admin/index/index/is_submission/111',
  'cookie' => 'PHPSESSID=tivs35lj45pse3vli0ll9v64l0',
  'accept-language' => 'zh-CN,zh;q=0.8,zh-TW;q=0.7,zh-HK;q=0.5,en-US;q=0.3,en;q=0.2',
  'accept-encoding' => 'gzip, deflate',
  'accept' => 'application/json, text/javascript, */*; q=0.01',
  'user-agent' => 'Mozilla/5.0 (Macintosh; Intel Mac OS X 10.15; rv:79.0) Gecko/20100101 Firefox/79.0',
  'host' => 'yalian.com:8099',
  'content-type' => '',
  'content-length' => '',
)
[ info ] [ PARAM ] array (
)
[ info ] [ DB ] INIT mysql
[ info ] [ SESSION ] INIT array (
  'prefix' => 'admin',
  'type' => '',
  'auto_start' => true,
)
[ info ] [ CACHE ] INIT File
[ info ] [ BEHAVIOR ] Run behavior\admin\SystemBehavior @admin_visit [ RunTime:0.000040s ]
[ info ] [ RUN ] app\admin\controller\Index->Jnotice[ /Applications/MxSrvs/www/yalian-git/osx/osx_admin/application/admin/controller/Index.php ]
[ info ] [ LOG ] INIT File
